ERROR - 2023-06-15 13:16:26 --> Error connecting to the database: mysqli_sql_exception: No connection could be made because the target machine actively refused it in C:\Users\LENOVO\Desktop\Platform\Test Labours\Labours\vendor\codeigniter4\framework\system\Database\MySQLi\Connection.php:174
Stack trace:
#0 C:\Users\LENOVO\Desktop\Platform\Test Labours\Labours\vendor\codeigniter4\framework\system\Database\MySQLi\Connection.php(174): mysqli->real_connect('localhost', 'root', '', 'laboursdb', 3306, '', 0)
#1 C:\Users\LENOVO\Desktop\Platform\Test Labours\Labours\vendor\codeigniter4\framework\system\Database\BaseConnection.php(391): CodeIgniter\Database\MySQLi\Connection->connect(false)
#2 C:\Users\LENOVO\Desktop\Platform\Test Labours\Labours\vendor\codeigniter4\framework\system\Database\BaseConnection.php(574): CodeIgniter\Database\BaseConnection->initialize()
#3 C:\Users\LENOVO\Desktop\Platform\Test Labours\Labours\vendor\codeigniter4\framework\system\Database\BaseBuilder.php(1616): CodeIgniter\Database\BaseConnection->query('SELECT *\nFROM `...', Array, false)
#4 C:\Users\LENOVO\Desktop\Platform\Test Labours\Labours\vendor\codeigniter4\framework\system\Model.php(241): CodeIgniter\Database\BaseBuilder->get()
#5 C:\Users\LENOVO\Desktop\Platform\Test Labours\Labours\vendor\codeigniter4\framework\system\BaseModel.php(618): CodeIgniter\Model->doFindAll(0, 0)
#6 C:\Users\LENOVO\Desktop\Platform\Test Labours\Labours\app\Models\LaboursModel.php(15): CodeIgniter\BaseModel->findAll()
#7 C:\Users\LENOVO\Desktop\Platform\Test Labours\Labours\app\Controllers\LaboursController.php(20): App\Models\LaboursModel->dataPekerjaan()
#8 C:\Users\LENOVO\Desktop\Platform\Test Labours\Labours\vendor\codeigniter4\framework\system\CodeIgniter.php(934): App\Controllers\LaboursController->home()
#9 C:\Users\LENOVO\Desktop\Platform\Test Labours\Labours\vendor\codeigniter4\framework\system\CodeIgniter.php(499): CodeIgniter\CodeIgniter->runController(Object(App\Controllers\LaboursController))
#10 C:\Users\LENOVO\Desktop\Platform\Test Labours\Labours\vendor\codeigniter4\framework\system\CodeIgniter.php(368): CodeIgniter\CodeIgniter->handleRequest(NULL, Object(Config\Cache), false)
#11 C:\Users\LENOVO\Desktop\Platform\Test Labours\Labours\public\index.php(67): CodeIgniter\CodeIgniter->run()
#12 C:\Users\LENOVO\Desktop\Platform\Test Labours\Labours\vendor\codeigniter4\framework\system\Commands\Server\rewrite.php(47): require_once('C:\\Users\\LENOVO...')
#13 {main}

Next CodeIgniter\Database\Exceptions\DatabaseException: No connection could be made because the target machine actively refused it in C:\Users\LENOVO\Desktop\Platform\Test Labours\Labours\vendor\codeigniter4\framework\system\Database\MySQLi\Connection.php:218
Stack trace:
#0 C:\Users\LENOVO\Desktop\Platform\Test Labours\Labours\vendor\codeigniter4\framework\system\Database\BaseConnection.php(391): CodeIgniter\Database\MySQLi\Connection->connect(false)
#1 C:\Users\LENOVO\Desktop\Platform\Test Labours\Labours\vendor\codeigniter4\framework\system\Database\BaseConnection.php(574): CodeIgniter\Database\BaseConnection->initialize()
#2 C:\Users\LENOVO\Desktop\Platform\Test Labours\Labours\vendor\codeigniter4\framework\system\Database\BaseBuilder.php(1616): CodeIgniter\Database\BaseConnection->query('SELECT *\nFROM `...', Array, false)
#3 C:\Users\LENOVO\Desktop\Platform\Test Labours\Labours\vendor\codeigniter4\framework\system\Model.php(241): CodeIgniter\Database\BaseBuilder->get()
#4 C:\Users\LENOVO\Desktop\Platform\Test Labours\Labours\vendor\codeigniter4\framework\system\BaseModel.php(618): CodeIgniter\Model->doFindAll(0, 0)
#5 C:\Users\LENOVO\Desktop\Platform\Test Labours\Labours\app\Models\LaboursModel.php(15): CodeIgniter\BaseModel->findAll()
#6 C:\Users\LENOVO\Desktop\Platform\Test Labours\Labours\app\Controllers\LaboursController.php(20): App\Models\LaboursModel->dataPekerjaan()
#7 C:\Users\LENOVO\Desktop\Platform\Test Labours\Labours\vendor\codeigniter4\framework\system\CodeIgniter.php(934): App\Controllers\LaboursController->home()
#8 C:\Users\LENOVO\Desktop\Platform\Test Labours\Labours\vendor\codeigniter4\framework\system\CodeIgniter.php(499): CodeIgniter\CodeIgniter->runController(Object(App\Controllers\LaboursController))
#9 C:\Users\LENOVO\Desktop\Platform\Test Labours\Labours\vendor\codeigniter4\framework\system\CodeIgniter.php(368): CodeIgniter\CodeIgniter->handleRequest(NULL, Object(Config\Cache), false)
#10 C:\Users\LENOVO\Desktop\Platform\Test Labours\Labours\public\index.php(67): CodeIgniter\CodeIgniter->run()
#11 C:\Users\LENOVO\Desktop\Platform\Test Labours\Labours\vendor\codeigniter4\framework\system\Commands\Server\rewrite.php(47): require_once('C:\\Users\\LENOVO...')
#12 {main}
CRITICAL - 2023-06-15 13:16:26 --> Unable to connect to the database.
Main connection [MySQLi]: No connection could be made because the target machine actively refused it
in SYSTEMPATH\Database\BaseConnection.php on line 427.
 1 SYSTEMPATH\Database\BaseConnection.php(574): CodeIgniter\Database\BaseConnection->initialize()
 2 SYSTEMPATH\Database\BaseBuilder.php(1616): CodeIgniter\Database\BaseConnection->query('SELECT *
FROM `pekerjaan`', [], false)
 3 SYSTEMPATH\Model.php(241): CodeIgniter\Database\BaseBuilder->get()
 4 SYSTEMPATH\BaseModel.php(618): CodeIgniter\Model->doFindAll(0, 0)
 5 APPPATH\Models\LaboursModel.php(15): CodeIgniter\BaseModel->findAll()
 6 APPPATH\Controllers\LaboursController.php(20): App\Models\LaboursModel->dataPekerjaan()
 7 SYSTEMPATH\CodeIgniter.php(934): App\Controllers\LaboursController->home()
 8 SYSTEMPATH\CodeIgniter.php(499): CodeIgniter\CodeIgniter->runController(Object(App\Controllers\LaboursController))
 9 SYSTEMPATH\CodeIgniter.php(368): CodeIgniter\CodeIgniter->handleRequest(null, Object(Config\Cache), false)
10 FCPATH\index.php(67): CodeIgniter\CodeIgniter->run()
11 SYSTEMPATH\Commands\Server\rewrite.php(47): require_once('C:\\Users\\LENOVO\\Desktop\\Platform\\Test Labours\\Labours\\public\\index.php')
CRITICAL - 2023-06-15 13:20:06 --> Undefined variable $title
in APPPATH\Views\postinganSaya.php on line 12.
 1 APPPATH\Views\postinganSaya.php(12): CodeIgniter\Debug\Exceptions->errorHandler(2, 'Undefined variable $title', 'C:\\Users\\LENOVO\\Desktop\\Platform\\Test Labours\\Labours\\app\\Views\\postinganSaya.php', 12)
 2 SYSTEMPATH\View\View.php(213): include('C:\\Users\\LENOVO\\Desktop\\Platform\\Test Labours\\Labours\\app\\Views\\postinganSaya.php')
 3 SYSTEMPATH\View\View.php(216): CodeIgniter\View\View->CodeIgniter\View\{closure}()
 4 SYSTEMPATH\Common.php(1184): CodeIgniter\View\View->render('postinganSaya', [], true)
 5 APPPATH\Controllers\LaboursController.php(18): view('postinganSaya')
 6 SYSTEMPATH\CodeIgniter.php(934): App\Controllers\LaboursController->postinganSaya()
 7 SYSTEMPATH\CodeIgniter.php(499): CodeIgniter\CodeIgniter->runController(Object(App\Controllers\LaboursController))
 8 SYSTEMPATH\CodeIgniter.php(368): CodeIgniter\CodeIgniter->handleRequest(null, Object(Config\Cache), false)
 9 FCPATH\index.php(67): CodeIgniter\CodeIgniter->run()
10 SYSTEMPATH\Commands\Server\rewrite.php(47): require_once('C:\\Users\\LENOVO\\Desktop\\Platform\\Test Labours\\Labours\\public\\index.php')
